ARM GAS  /var/folders/1q/c92fndb943774rkwjp6mf3kh0000gn/T//ccHW78cp.s 			page 1


   1              		.cpu cortex-m0plus
   2              		.eabi_attribute 20, 1
   3              		.eabi_attribute 21, 1
   4              		.eabi_attribute 23, 3
   5              		.eabi_attribute 24, 1
   6              		.eabi_attribute 25, 1
   7              		.eabi_attribute 26, 1
   8              		.eabi_attribute 30, 1
   9              		.eabi_attribute 34, 0
  10              		.eabi_attribute 18, 4
  11              		.file	"gpio.c"
  12              		.text
  13              	.Ltext0:
  14              		.cfi_sections	.debug_frame
  15              		.section	.text.MX_GPIO_Init,"ax",%progbits
  16              		.align	1
  17              		.global	MX_GPIO_Init
  18              		.arch armv6s-m
  19              		.syntax unified
  20              		.code	16
  21              		.thumb_func
  22              		.fpu softvfp
  24              	MX_GPIO_Init:
  25              	.LFB34:
  26              		.file 1 "Core/Src/gpio.c"
   1:Core/Src/gpio.c **** /**
   2:Core/Src/gpio.c ****   ******************************************************************************
   3:Core/Src/gpio.c ****   * File Name          : gpio.c
   4:Core/Src/gpio.c ****   * Description        : This file provides code for the configuration
   5:Core/Src/gpio.c ****   *                      of all used GPIO pins.
   6:Core/Src/gpio.c ****   ******************************************************************************
   7:Core/Src/gpio.c ****   * @attention
   8:Core/Src/gpio.c ****   *
   9:Core/Src/gpio.c ****   * <h2><center>&copy; Copyright (c) 2020 STMicroelectronics.
  10:Core/Src/gpio.c ****   * All rights reserved.</center></h2>
  11:Core/Src/gpio.c ****   *
  12:Core/Src/gpio.c ****   * This software component is licensed by ST under BSD 3-Clause license,
  13:Core/Src/gpio.c ****   * the "License"; You may not use this file except in compliance with the
  14:Core/Src/gpio.c ****   * License. You may obtain a copy of the License at:
  15:Core/Src/gpio.c ****   *                        opensource.org/licenses/BSD-3-Clause
  16:Core/Src/gpio.c ****   *
  17:Core/Src/gpio.c ****   ******************************************************************************
  18:Core/Src/gpio.c ****   */
  19:Core/Src/gpio.c **** 
  20:Core/Src/gpio.c **** /* Includes ------------------------------------------------------------------*/
  21:Core/Src/gpio.c **** #include "gpio.h"
  22:Core/Src/gpio.c **** /* USER CODE BEGIN 0 */
  23:Core/Src/gpio.c **** 
  24:Core/Src/gpio.c **** /* USER CODE END 0 */
  25:Core/Src/gpio.c **** 
  26:Core/Src/gpio.c **** /*----------------------------------------------------------------------------*/
  27:Core/Src/gpio.c **** /* Configure GPIO                                                             */
  28:Core/Src/gpio.c **** /*----------------------------------------------------------------------------*/
  29:Core/Src/gpio.c **** /* USER CODE BEGIN 1 */
  30:Core/Src/gpio.c **** 
  31:Core/Src/gpio.c **** /* USER CODE END 1 */
  32:Core/Src/gpio.c **** 
ARM GAS  /var/folders/1q/c92fndb943774rkwjp6mf3kh0000gn/T//ccHW78cp.s 			page 2


  33:Core/Src/gpio.c **** /** Configure pins as 
  34:Core/Src/gpio.c ****         * Analog 
  35:Core/Src/gpio.c ****         * Input 
  36:Core/Src/gpio.c ****         * Output
  37:Core/Src/gpio.c ****         * EVENT_OUT
  38:Core/Src/gpio.c ****         * EXTI
  39:Core/Src/gpio.c ****      PB13   ------> RCC_MCO
  40:Core/Src/gpio.c **** */
  41:Core/Src/gpio.c **** void MX_GPIO_Init(void)
  42:Core/Src/gpio.c **** {
  27              		.loc 1 42 1 view -0
  28              		.cfi_startproc
  29              		@ args = 0, pretend = 0, frame = 32
  30              		@ frame_needed = 0, uses_anonymous_args = 0
  31 0000 F0B5     		push	{r4, r5, r6, r7, lr}
  32              	.LCFI0:
  33              		.cfi_def_cfa_offset 20
  34              		.cfi_offset 4, -20
  35              		.cfi_offset 5, -16
  36              		.cfi_offset 6, -12
  37              		.cfi_offset 7, -8
  38              		.cfi_offset 14, -4
  39 0002 C646     		mov	lr, r8
  40 0004 00B5     		push	{lr}
  41              	.LCFI1:
  42              		.cfi_def_cfa_offset 24
  43              		.cfi_offset 8, -24
  44 0006 88B0     		sub	sp, sp, #32
  45              	.LCFI2:
  46              		.cfi_def_cfa_offset 56
  43:Core/Src/gpio.c **** 
  44:Core/Src/gpio.c ****   GPIO_InitTypeDef GPIO_InitStruct = {0};
  47              		.loc 1 44 3 view .LVU1
  45:Core/Src/gpio.c **** 
  46:Core/Src/gpio.c ****   /* GPIO Ports Clock Enable */
  47:Core/Src/gpio.c ****   __HAL_RCC_GPIOA_CLK_ENABLE();
  48              		.loc 1 47 3 view .LVU2
  49              	.LBB2:
  50              		.loc 1 47 3 view .LVU3
  51              		.loc 1 47 3 view .LVU4
  52 0008 374B     		ldr	r3, .L2
  53 000a DA6A     		ldr	r2, [r3, #44]
  54 000c 0127     		movs	r7, #1
  55 000e 3A43     		orrs	r2, r7
  56 0010 DA62     		str	r2, [r3, #44]
  57              		.loc 1 47 3 view .LVU5
  58 0012 DA6A     		ldr	r2, [r3, #44]
  59 0014 3A40     		ands	r2, r7
  60 0016 0092     		str	r2, [sp]
  61              		.loc 1 47 3 view .LVU6
  62 0018 009A     		ldr	r2, [sp]
  63              	.LBE2:
  64              		.loc 1 47 3 view .LVU7
  48:Core/Src/gpio.c ****   __HAL_RCC_GPIOB_CLK_ENABLE();
  65              		.loc 1 48 3 view .LVU8
  66              	.LBB3:
  67              		.loc 1 48 3 view .LVU9
ARM GAS  /var/folders/1q/c92fndb943774rkwjp6mf3kh0000gn/T//ccHW78cp.s 			page 3


  68              		.loc 1 48 3 view .LVU10
  69 001a DA6A     		ldr	r2, [r3, #44]
  70 001c 0225     		movs	r5, #2
  71 001e 2A43     		orrs	r2, r5
  72 0020 DA62     		str	r2, [r3, #44]
  73              		.loc 1 48 3 view .LVU11
  74 0022 DA6A     		ldr	r2, [r3, #44]
  75 0024 2A40     		ands	r2, r5
  76 0026 0192     		str	r2, [sp, #4]
  77              		.loc 1 48 3 view .LVU12
  78 0028 019A     		ldr	r2, [sp, #4]
  79              	.LBE3:
  80              		.loc 1 48 3 view .LVU13
  49:Core/Src/gpio.c ****   __HAL_RCC_GPIOC_CLK_ENABLE();
  81              		.loc 1 49 3 view .LVU14
  82              	.LBB4:
  83              		.loc 1 49 3 view .LVU15
  84              		.loc 1 49 3 view .LVU16
  85 002a D96A     		ldr	r1, [r3, #44]
  86 002c 0422     		movs	r2, #4
  87 002e 1143     		orrs	r1, r2
  88 0030 D962     		str	r1, [r3, #44]
  89              		.loc 1 49 3 view .LVU17
  90 0032 DB6A     		ldr	r3, [r3, #44]
  91 0034 1340     		ands	r3, r2
  92 0036 0293     		str	r3, [sp, #8]
  93              		.loc 1 49 3 view .LVU18
  94 0038 029B     		ldr	r3, [sp, #8]
  95              	.LBE4:
  96              		.loc 1 49 3 view .LVU19
  50:Core/Src/gpio.c **** 
  51:Core/Src/gpio.c ****   /* Configure UART port */
  52:Core/Src/gpio.c ****   GPIO_InitStruct.Pin = UART_TX|UART_RX;
  97              		.loc 1 52 3 view .LVU20
  98              		.loc 1 52 23 is_stmt 0 view .LVU21
  99 003a 0C23     		movs	r3, #12
 100 003c 0393     		str	r3, [sp, #12]
  53:Core/Src/gpio.c ****   GPIO_InitStruct.Mode = GPIO_MODE_AF_PP;
 101              		.loc 1 53 3 is_stmt 1 view .LVU22
 102              		.loc 1 53 24 is_stmt 0 view .LVU23
 103 003e 0495     		str	r5, [sp, #16]
  54:Core/Src/gpio.c ****   GPIO_InitStruct.Pull = GPIO_NOPULL;
 104              		.loc 1 54 3 is_stmt 1 view .LVU24
 105              		.loc 1 54 24 is_stmt 0 view .LVU25
 106 0040 0024     		movs	r4, #0
 107 0042 0594     		str	r4, [sp, #20]
  55:Core/Src/gpio.c ****   GPIO_InitStruct.Speed = GPIO_SPEED_FREQ_VERY_HIGH;
 108              		.loc 1 55 3 is_stmt 1 view .LVU26
 109              		.loc 1 55 25 is_stmt 0 view .LVU27
 110 0044 093B     		subs	r3, r3, #9
 111 0046 0693     		str	r3, [sp, #24]
  56:Core/Src/gpio.c ****   GPIO_InitStruct.Alternate = GPIO_AF4_USART2;
 112              		.loc 1 56 3 is_stmt 1 view .LVU28
 113              		.loc 1 56 29 is_stmt 0 view .LVU29
 114 0048 0792     		str	r2, [sp, #28]
  57:Core/Src/gpio.c ****   HAL_GPIO_Init(GPIOA, &GPIO_InitStruct);
 115              		.loc 1 57 3 is_stmt 1 view .LVU30
ARM GAS  /var/folders/1q/c92fndb943774rkwjp6mf3kh0000gn/T//ccHW78cp.s 			page 4


 116 004a A023     		movs	r3, #160
 117 004c DB05     		lsls	r3, r3, #23
 118 004e 9846     		mov	r8, r3
 119 0050 03A9     		add	r1, sp, #12
 120 0052 1800     		movs	r0, r3
 121 0054 FFF7FEFF 		bl	HAL_GPIO_Init
 122              	.LVL0:
  58:Core/Src/gpio.c **** 
  59:Core/Src/gpio.c ****   /*Configure SRF Output Pins Level */
  60:Core/Src/gpio.c ****   HAL_GPIO_WritePin(GPIOB, SRF_VCC, GPIO_PIN_SET);
 123              		.loc 1 60 3 view .LVU31
 124 0058 244E     		ldr	r6, .L2+4
 125 005a 0122     		movs	r2, #1
 126 005c 0821     		movs	r1, #8
 127 005e 3000     		movs	r0, r6
 128 0060 FFF7FEFF 		bl	HAL_GPIO_WritePin
 129              	.LVL1:
  61:Core/Src/gpio.c ****   HAL_GPIO_WritePin(GPIOB, SRF_TRIG, GPIO_PIN_RESET);
 130              		.loc 1 61 3 view .LVU32
 131 0064 0022     		movs	r2, #0
 132 0066 2021     		movs	r1, #32
 133 0068 3000     		movs	r0, r6
 134 006a FFF7FEFF 		bl	HAL_GPIO_WritePin
 135              	.LVL2:
  62:Core/Src/gpio.c ****   HAL_GPIO_WritePin(GPIOB, SRF_GND, GPIO_PIN_RESET);
 136              		.loc 1 62 3 view .LVU33
 137 006e 8021     		movs	r1, #128
 138 0070 0022     		movs	r2, #0
 139 0072 4900     		lsls	r1, r1, #1
 140 0074 3000     		movs	r0, r6
 141 0076 FFF7FEFF 		bl	HAL_GPIO_WritePin
 142              	.LVL3:
  63:Core/Src/gpio.c ****   GPIO_InitStruct.Pin = SRF_VCC|SRF_TRIG|SRF_GND;
 143              		.loc 1 63 3 view .LVU34
 144              		.loc 1 63 23 is_stmt 0 view .LVU35
 145 007a 9423     		movs	r3, #148
 146 007c 5B00     		lsls	r3, r3, #1
 147 007e 0393     		str	r3, [sp, #12]
  64:Core/Src/gpio.c ****   GPIO_InitStruct.Mode = GPIO_MODE_OUTPUT_PP;
 148              		.loc 1 64 3 is_stmt 1 view .LVU36
 149              		.loc 1 64 24 is_stmt 0 view .LVU37
 150 0080 0497     		str	r7, [sp, #16]
  65:Core/Src/gpio.c ****   GPIO_InitStruct.Pull = GPIO_NOPULL;
 151              		.loc 1 65 3 is_stmt 1 view .LVU38
 152              		.loc 1 65 24 is_stmt 0 view .LVU39
 153 0082 0594     		str	r4, [sp, #20]
  66:Core/Src/gpio.c ****   GPIO_InitStruct.Speed = GPIO_SPEED_FREQ_LOW;
 154              		.loc 1 66 3 is_stmt 1 view .LVU40
 155              		.loc 1 66 25 is_stmt 0 view .LVU41
 156 0084 0694     		str	r4, [sp, #24]
  67:Core/Src/gpio.c ****   HAL_GPIO_Init(GPIOB, &GPIO_InitStruct);
 157              		.loc 1 67 3 is_stmt 1 view .LVU42
 158 0086 03A9     		add	r1, sp, #12
 159 0088 3000     		movs	r0, r6
 160 008a FFF7FEFF 		bl	HAL_GPIO_Init
 161              	.LVL4:
  68:Core/Src/gpio.c **** 
ARM GAS  /var/folders/1q/c92fndb943774rkwjp6mf3kh0000gn/T//ccHW78cp.s 			page 5


  69:Core/Src/gpio.c ****   GPIO_InitStruct.Pin = SRF_ECHO;
 162              		.loc 1 69 3 view .LVU43
 163              		.loc 1 69 23 is_stmt 0 view .LVU44
 164 008e 1023     		movs	r3, #16
 165 0090 0393     		str	r3, [sp, #12]
  70:Core/Src/gpio.c ****   GPIO_InitStruct.Mode = GPIO_MODE_AF_PP;
 166              		.loc 1 70 3 is_stmt 1 view .LVU45
 167              		.loc 1 70 24 is_stmt 0 view .LVU46
 168 0092 0495     		str	r5, [sp, #16]
  71:Core/Src/gpio.c ****   GPIO_InitStruct.Pull = GPIO_NOPULL;
 169              		.loc 1 71 3 is_stmt 1 view .LVU47
 170              		.loc 1 71 24 is_stmt 0 view .LVU48
 171 0094 0594     		str	r4, [sp, #20]
  72:Core/Src/gpio.c ****   GPIO_InitStruct.Speed = GPIO_SPEED_FREQ_LOW;
 172              		.loc 1 72 3 is_stmt 1 view .LVU49
 173              		.loc 1 72 25 is_stmt 0 view .LVU50
 174 0096 0694     		str	r4, [sp, #24]
  73:Core/Src/gpio.c ****   GPIO_InitStruct.Alternate = GPIO_AF2_TIM3;
 175              		.loc 1 73 3 is_stmt 1 view .LVU51
 176              		.loc 1 73 29 is_stmt 0 view .LVU52
 177 0098 0795     		str	r5, [sp, #28]
  74:Core/Src/gpio.c ****   HAL_GPIO_Init(GPIOB, &GPIO_InitStruct);
 178              		.loc 1 74 3 is_stmt 1 view .LVU53
 179 009a 03A9     		add	r1, sp, #12
 180 009c 3000     		movs	r0, r6
 181 009e FFF7FEFF 		bl	HAL_GPIO_Init
 182              	.LVL5:
  75:Core/Src/gpio.c **** 
  76:Core/Src/gpio.c ****   /*Configure GPIO pin : PB13, MCO CLOCK */
  77:Core/Src/gpio.c ****   GPIO_InitStruct.Pin = GPIO_PIN_13;
 183              		.loc 1 77 3 view .LVU54
 184              		.loc 1 77 23 is_stmt 0 view .LVU55
 185 00a2 8023     		movs	r3, #128
 186 00a4 9B01     		lsls	r3, r3, #6
 187 00a6 0393     		str	r3, [sp, #12]
  78:Core/Src/gpio.c ****   GPIO_InitStruct.Mode = GPIO_MODE_AF_PP;
 188              		.loc 1 78 3 is_stmt 1 view .LVU56
 189              		.loc 1 78 24 is_stmt 0 view .LVU57
 190 00a8 0495     		str	r5, [sp, #16]
  79:Core/Src/gpio.c ****   GPIO_InitStruct.Pull = GPIO_NOPULL;
 191              		.loc 1 79 3 is_stmt 1 view .LVU58
 192              		.loc 1 79 24 is_stmt 0 view .LVU59
 193 00aa 0594     		str	r4, [sp, #20]
  80:Core/Src/gpio.c ****   GPIO_InitStruct.Speed = GPIO_SPEED_FREQ_LOW;
 194              		.loc 1 80 3 is_stmt 1 view .LVU60
 195              		.loc 1 80 25 is_stmt 0 view .LVU61
 196 00ac 0694     		str	r4, [sp, #24]
  81:Core/Src/gpio.c ****   GPIO_InitStruct.Alternate = GPIO_AF2_MCO;
 197              		.loc 1 81 3 is_stmt 1 view .LVU62
 198              		.loc 1 81 29 is_stmt 0 view .LVU63
 199 00ae 0795     		str	r5, [sp, #28]
  82:Core/Src/gpio.c ****   HAL_GPIO_Init(GPIOB, &GPIO_InitStruct);
 200              		.loc 1 82 3 is_stmt 1 view .LVU64
 201 00b0 03A9     		add	r1, sp, #12
 202 00b2 3000     		movs	r0, r6
 203 00b4 FFF7FEFF 		bl	HAL_GPIO_Init
 204              	.LVL6:
ARM GAS  /var/folders/1q/c92fndb943774rkwjp6mf3kh0000gn/T//ccHW78cp.s 			page 6


  83:Core/Src/gpio.c **** 
  84:Core/Src/gpio.c **** 
  85:Core/Src/gpio.c ****   /*Configure GPIO pin : LD2 */
  86:Core/Src/gpio.c ****   GPIO_InitStruct.Pin = LD2;
 205              		.loc 1 86 3 view .LVU65
 206              		.loc 1 86 23 is_stmt 0 view .LVU66
 207 00b8 2023     		movs	r3, #32
 208 00ba 0393     		str	r3, [sp, #12]
  87:Core/Src/gpio.c ****   GPIO_InitStruct.Mode = GPIO_MODE_OUTPUT_PP;
 209              		.loc 1 87 3 is_stmt 1 view .LVU67
 210              		.loc 1 87 24 is_stmt 0 view .LVU68
 211 00bc 0497     		str	r7, [sp, #16]
  88:Core/Src/gpio.c ****   GPIO_InitStruct.Pull = GPIO_NOPULL;
 212              		.loc 1 88 3 is_stmt 1 view .LVU69
 213              		.loc 1 88 24 is_stmt 0 view .LVU70
 214 00be 0594     		str	r4, [sp, #20]
  89:Core/Src/gpio.c ****   GPIO_InitStruct.Speed = GPIO_SPEED_FREQ_LOW;
 215              		.loc 1 89 3 is_stmt 1 view .LVU71
 216              		.loc 1 89 25 is_stmt 0 view .LVU72
 217 00c0 0694     		str	r4, [sp, #24]
  90:Core/Src/gpio.c ****   HAL_GPIO_Init(GPIOA, &GPIO_InitStruct);
 218              		.loc 1 90 3 is_stmt 1 view .LVU73
 219 00c2 03A9     		add	r1, sp, #12
 220 00c4 4046     		mov	r0, r8
 221 00c6 FFF7FEFF 		bl	HAL_GPIO_Init
 222              	.LVL7:
  91:Core/Src/gpio.c **** 
  92:Core/Src/gpio.c ****   /*Configure GPIO pin : PC14, Button*/
  93:Core/Src/gpio.c ****   GPIO_InitStruct.Pin = BTN;
 223              		.loc 1 93 3 view .LVU74
 224              		.loc 1 93 23 is_stmt 0 view .LVU75
 225 00ca 8023     		movs	r3, #128
 226 00cc DB01     		lsls	r3, r3, #7
 227 00ce 0393     		str	r3, [sp, #12]
  94:Core/Src/gpio.c ****   GPIO_InitStruct.Mode = GPIO_MODE_INPUT;
 228              		.loc 1 94 3 is_stmt 1 view .LVU76
 229              		.loc 1 94 24 is_stmt 0 view .LVU77
 230 00d0 0494     		str	r4, [sp, #16]
  95:Core/Src/gpio.c ****   GPIO_InitStruct.Pull = GPIO_NOPULL;
 231              		.loc 1 95 3 is_stmt 1 view .LVU78
 232              		.loc 1 95 24 is_stmt 0 view .LVU79
 233 00d2 0594     		str	r4, [sp, #20]
  96:Core/Src/gpio.c ****   GPIO_InitStruct.Speed = GPIO_SPEED_FREQ_LOW;
 234              		.loc 1 96 3 is_stmt 1 view .LVU80
 235              		.loc 1 96 25 is_stmt 0 view .LVU81
 236 00d4 0694     		str	r4, [sp, #24]
  97:Core/Src/gpio.c ****   HAL_GPIO_Init(GPIOC, &GPIO_InitStruct);
 237              		.loc 1 97 3 is_stmt 1 view .LVU82
 238 00d6 03A9     		add	r1, sp, #12
 239 00d8 0548     		ldr	r0, .L2+8
 240 00da FFF7FEFF 		bl	HAL_GPIO_Init
 241              	.LVL8:
  98:Core/Src/gpio.c **** }
 242              		.loc 1 98 1 is_stmt 0 view .LVU83
 243 00de 08B0     		add	sp, sp, #32
 244              		@ sp needed
 245 00e0 04BC     		pop	{r2}
ARM GAS  /var/folders/1q/c92fndb943774rkwjp6mf3kh0000gn/T//ccHW78cp.s 			page 7


 246 00e2 9046     		mov	r8, r2
 247 00e4 F0BD     		pop	{r4, r5, r6, r7, pc}
 248              	.L3:
 249 00e6 C046     		.align	2
 250              	.L2:
 251 00e8 00100240 		.word	1073876992
 252 00ec 00040050 		.word	1342178304
 253 00f0 00080050 		.word	1342179328
 254              		.cfi_endproc
 255              	.LFE34:
 257              		.text
 258              	.Letext0:
 259              		.file 2 "/Users/yanli/arm/arm-none-eabi/include/machine/_default_types.h"
 260              		.file 3 "/Users/yanli/arm/arm-none-eabi/include/sys/_stdint.h"
 261              		.file 4 "Drivers/CMSIS/Device/ST/STM32L0xx/Include/system_stm32l0xx.h"
 262              		.file 5 "Drivers/CMSIS/Device/ST/STM32L0xx/Include/stm32l073xx.h"
 263              		.file 6 "Drivers/STM32L0xx_HAL_Driver/Inc/stm32l0xx_hal_gpio.h"
 264              		.file 7 "Drivers/STM32L0xx_HAL_Driver/Inc/stm32l0xx_hal.h"
ARM GAS  /var/folders/1q/c92fndb943774rkwjp6mf3kh0000gn/T//ccHW78cp.s 			page 8


DEFINED SYMBOLS
                            *ABS*:0000000000000000 gpio.c
/var/folders/1q/c92fndb943774rkwjp6mf3kh0000gn/T//ccHW78cp.s:16     .text.MX_GPIO_Init:0000000000000000 $t
/var/folders/1q/c92fndb943774rkwjp6mf3kh0000gn/T//ccHW78cp.s:24     .text.MX_GPIO_Init:0000000000000000 MX_GPIO_Init
/var/folders/1q/c92fndb943774rkwjp6mf3kh0000gn/T//ccHW78cp.s:251    .text.MX_GPIO_Init:00000000000000e8 $d

UNDEFINED SYMBOLS
HAL_GPIO_Init
HAL_GPIO_WritePin
